Ср 11. апр 19:44:12 2012
Карта активирована
Считываются каналы:10 
Запись в файл 110412194412
Частота дискретизации 10
Размер выборки 10000

Файл данных ошибка записи. Ошибка 4.
Ср 11. апр 19:44:31 2012
Карта активирована
Считываются каналы:10 
Запись в файл 110412194431
Частота дискретизации 10
Размер выборки 10000

Ср 11. апр 19:48:21 2012
Карта активирована
Считываются каналы:10 
Запись в файл 110412194821
Частота дискретизации 10
Размер выборки 10000

Ср 11. апр 19:51:41 2012
Карта активирована
Считываются каналы:10 
Запись в файл 110412195141
Частота дискретизации 10
Размер выборки 10000

Ср 11. апр 19:53:09 2012
Карта активирована
Считываются каналы:10 5 
Запись в файл 110412195309
Частота дискретизации 10
Размер выборки 10000

Ср 11. апр 20:11:41 2012
Карта активирована
Считываются каналы:10 5 
Запись в файл 110412201141
Частота дискретизации 10
Размер выборки 10000

Ср 11. апр 20:15:10 2012
Карта активирована
Считываются каналы:12 4 
Запись в файл 110412201510
Частота дискретизации 10
Размер выборки 10000

Ср 11. апр 20:19:22 2012
Карта активирована
Считываются каналы:12 4 
Запись в файл 110412201922
Частота дискретизации 10
Размер выборки 10000

